[ 2018-05-26T14:25:23+08:00 ] 201.159.37.86 /
INFO: [ app_init ] --START--
INFO: Run Behavior\BuildLiteBehavior [ RunTime:0.000007s ]
INFO: [ app_init ] --END-- [ RunTime:0.000188s ]
NOTIC: [8] Constant NOW_TIME already defined /usr/share/nginx/www/douchat/ThinkPHP/Library/Think/App.class.php 第 30 行.
NOTIC: [8] Undefined variable: result /usr/share/nginx/www/douchat/ThinkPHP/Library/Think/Hook.class.php 第 103 行.
NOTIC: [8] Undefined variable: result /usr/share/nginx/www/douchat/ThinkPHP/Library/Think/Hook.class.php 第 103 行.
INFO: [ app_begin ] --START--
INFO: Run Behavior\ReadHtmlCacheBehavior [ RunTime:0.000293s ]
INFO: [ app_begin ] --END-- [ RunTime:0.000317s ]
NOTIC: [8] Undefined variable: result /usr/share/nginx/www/douchat/ThinkPHP/Library/Think/Hook.class.php 第 103 行.
SQL: SHOW COLUMNS FROM `dc_system_setting` [ RunTime:0.0004s ]
SQL: SELECT * FROM `dc_system_setting`  [ RunTime:0.0002s ]
NOTIC: [8] Undefined variable: result /usr/share/nginx/www/douchat/ThinkPHP/Library/Think/Hook.class.php 第 103 行.
INFO: [ view_parse ] --START--
INFO: [ template_filter ] --START--
INFO: Run Behavior\ContentReplaceBehavior [ RunTime:0.000056s ]
INFO: [ template_filter ] --END-- [ RunTime:0.000101s ]
INFO: Run Behavior\ParseTemplateBehavior [ RunTime:0.009312s ]
INFO: [ view_parse ] --END-- [ RunTime:0.009350s ]
INFO: [ view_filter ] --START--
INFO: Run Behavior\WriteHtmlCacheBehavior [ RunTime:0.000080s ]
INFO: Run Behavior\TokenBuildBehavior [ RunTime:0.000171s ]
INFO: [ view_filter ] --END-- [ RunTime:0.000272s ]
NOTIC: [8] Undefined variable: result /usr/share/nginx/www/douchat/ThinkPHP/Library/Think/Hook.class.php 第 103 行.
NOTIC: [8] Undefined variable: result /usr/share/nginx/www/douchat/ThinkPHP/Library/Think/Hook.class.php 第 103 行.
INFO: [ app_end ] --START--
INFO: Run Behavior\ShowPageTraceBehavior [ RunTime:0.000283s ]
INFO: [ app_end ] --END-- [ RunTime:0.000299s ]

[ 2018-05-26T14:27:58+08:00 ] 183.57.54.43 /
INFO: [ app_init ] --START--
INFO: Run Behavior\BuildLiteBehavior [ RunTime:0.000009s ]
INFO: [ app_init ] --END-- [ RunTime:0.000039s ]
NOTIC: [8] Constant NOW_TIME already defined /usr/share/nginx/www/douchat/ThinkPHP/Library/Think/App.class.php 第 30 行.
NOTIC: [8] Undefined variable: result /usr/share/nginx/www/douchat/ThinkPHP/Library/Think/Hook.class.php 第 103 行.
NOTIC: [8] Undefined variable: result /usr/share/nginx/www/douchat/ThinkPHP/Library/Think/Hook.class.php 第 103 行.
INFO: [ app_begin ] --START--
INFO: Run Behavior\ReadHtmlCacheBehavior [ RunTime:0.000229s ]
INFO: [ app_begin ] --END-- [ RunTime:0.000250s ]
NOTIC: [8] Undefined variable: result /usr/share/nginx/www/douchat/ThinkPHP/Library/Think/Hook.class.php 第 103 行.
SQL: SHOW COLUMNS FROM `dc_system_setting` [ RunTime:0.0005s ]
SQL: SELECT * FROM `dc_system_setting`  [ RunTime:0.0002s ]
NOTIC: [8] Undefined variable: result /usr/share/nginx/www/douchat/ThinkPHP/Library/Think/Hook.class.php 第 103 行.
INFO: [ view_parse ] --START--
INFO: [ template_filter ] --START--
INFO: Run Behavior\ContentReplaceBehavior [ RunTime:0.000049s ]
INFO: [ template_filter ] --END-- [ RunTime:0.000076s ]
INFO: Run Behavior\ParseTemplateBehavior [ RunTime:0.003599s ]
INFO: [ view_parse ] --END-- [ RunTime:0.003616s ]
INFO: [ view_filter ] --START--
INFO: Run Behavior\WriteHtmlCacheBehavior [ RunTime:0.000082s ]
INFO: Run Behavior\TokenBuildBehavior [ RunTime:0.000165s ]
INFO: [ view_filter ] --END-- [ RunTime:0.000269s ]
NOTIC: [8] Undefined variable: result /usr/share/nginx/www/douchat/ThinkPHP/Library/Think/Hook.class.php 第 103 行.
NOTIC: [8] Undefined variable: result /usr/share/nginx/www/douchat/ThinkPHP/Library/Think/Hook.class.php 第 103 行.
INFO: [ app_end ] --START--
INFO: Run Behavior\ShowPageTraceBehavior [ RunTime:0.000276s ]
INFO: [ app_end ] --END-- [ RunTime:0.000292s ]

[ 2018-05-26T15:23:14+08:00 ] 189.46.45.110 /
INFO: [ app_init ] --START--
INFO: Run Behavior\BuildLiteBehavior [ RunTime:0.000009s ]
INFO: [ app_init ] --END-- [ RunTime:0.000233s ]
NOTIC: [8] Constant NOW_TIME already defined /usr/share/nginx/www/douchat/ThinkPHP/Library/Think/App.class.php 第 30 行.
NOTIC: [8] Undefined variable: result /usr/share/nginx/www/douchat/ThinkPHP/Library/Think/Hook.class.php 第 103 行.
NOTIC: [8] Undefined variable: result /usr/share/nginx/www/douchat/ThinkPHP/Library/Think/Hook.class.php 第 103 行.
INFO: [ app_begin ] --START--
INFO: Run Behavior\ReadHtmlCacheBehavior [ RunTime:0.000234s ]
INFO: [ app_begin ] --END-- [ RunTime:0.000257s ]
NOTIC: [8] Undefined variable: result /usr/share/nginx/www/douchat/ThinkPHP/Library/Think/Hook.class.php 第 103 行.
SQL: SHOW COLUMNS FROM `dc_system_setting` [ RunTime:0.0005s ]
SQL: SELECT * FROM `dc_system_setting`  [ RunTime:0.0002s ]
NOTIC: [8] Undefined variable: result /usr/share/nginx/www/douchat/ThinkPHP/Library/Think/Hook.class.php 第 103 行.
INFO: [ view_parse ] --START--
INFO: [ template_filter ] --START--
INFO: Run Behavior\ContentReplaceBehavior [ RunTime:0.000047s ]
INFO: [ template_filter ] --END-- [ RunTime:0.000069s ]
INFO: Run Behavior\ParseTemplateBehavior [ RunTime:0.003929s ]
INFO: [ view_parse ] --END-- [ RunTime:0.003951s ]
INFO: [ view_filter ] --START--
INFO: Run Behavior\WriteHtmlCacheBehavior [ RunTime:0.000098s ]
INFO: Run Behavior\TokenBuildBehavior [ RunTime:0.000197s ]
INFO: [ view_filter ] --END-- [ RunTime:0.000323s ]
NOTIC: [8] Undefined variable: result /usr/share/nginx/www/douchat/ThinkPHP/Library/Think/Hook.class.php 第 103 行.
NOTIC: [8] Undefined variable: result /usr/share/nginx/www/douchat/ThinkPHP/Library/Think/Hook.class.php 第 103 行.
INFO: [ app_end ] --START--
INFO: Run Behavior\ShowPageTraceBehavior [ RunTime:0.000369s ]
INFO: [ app_end ] --END-- [ RunTime:0.000389s ]

